2021-06-30 11:35:12 0 [Note] InnoDB: Mutexes and rw_locks use Windows interlocked functions
2021-06-30 11:35:12 0 [Note] InnoDB: Uses event mutexes
2021-06-30 11:35:12 0 [Note] InnoDB: Compressed tables use zlib 1.2.11
2021-06-30 11:35:12 0 [Note] InnoDB: Number of pools: 1
2021-06-30 11:35:12 0 [Note] InnoDB: Using SSE2 crc32 instructions
2021-06-30 11:35:12 0 [Note] InnoDB: Initializing buffer pool, total size = 16M, instances = 1, chunk size = 16M
2021-06-30 11:35:12 0 [Note] InnoDB: Completed initialization of buffer pool
2021-06-30 11:35:13 0 [Note] InnoDB: Starting crash recovery from checkpoint LSN=300288
2021-06-30 11:35:14 0 [Note] InnoDB: 128 out of 128 rollback segments are active.
2021-06-30 11:35:14 0 [Note] InnoDB: Removed temporary tablespace data file: "ibtmp1"
2021-06-30 11:35:14 0 [Note] InnoDB: Creating shared tablespace for temporary tables
2021-06-30 11:35:14 0 [Note] InnoDB: Setting file 'C:\xampp\mysql\data\ibtmp1' size to 12 MB. Physically writing the file full; Please wait ...
2021-06-30 11:35:14 0 [Note] InnoDB: File 'C:\xampp\mysql\data\ibtmp1' size is now 12 MB.
2021-06-30 11:35:14 0 [Note] InnoDB: Waiting for purge to start
2021-06-30 11:35:14 0 [Note] InnoDB: 10.4.19 started; log sequence number 300297; transaction id 170
2021-06-30 11:35:14 0 [Note] InnoDB: Loading buffer pool(s) from C:\xampp\mysql\data\ib_buffer_pool
2021-06-30 11:35:14 0 [Note] Plugin 'FEEDBACK' is disabled.
2021-06-30 11:35:14 0 [Note] Server socket created on IP: '::'.
2021-07-02 11:11:28 0 [Note] InnoDB: Mutexes and rw_locks use Windows interlocked functions
2021-07-02 11:11:28 0 [Note] InnoDB: Uses event mutexes
2021-07-02 11:11:28 0 [Note] InnoDB: Compressed tables use zlib 1.2.11
2021-07-02 11:11:28 0 [Note] InnoDB: Number of pools: 1
2021-07-02 11:11:28 0 [Note] InnoDB: Using SSE2 crc32 instructions
2021-07-02 11:11:28 0 [Note] InnoDB: Initializing buffer pool, total size = 16M, instances = 1, chunk size = 16M
2021-07-02 11:11:28 0 [Note] InnoDB: Completed initialization of buffer pool
2021-07-02 11:11:28 0 [Note] InnoDB: Starting crash recovery from checkpoint LSN=328874
2021-07-02 11:11:30 0 [Note] InnoDB: 128 out of 128 rollback segments are active.
2021-07-02 11:11:30 0 [Note] InnoDB: Removed temporary tablespace data file: "ibtmp1"
2021-07-02 11:11:30 0 [Note] InnoDB: Creating shared tablespace for temporary tables
2021-07-02 11:11:30 0 [Note] InnoDB: Setting file 'C:\xampp\mysql\data\ibtmp1' size to 12 MB. Physically writing the file full; Please wait ...
2021-07-02 11:11:30 0 [Note] InnoDB: File 'C:\xampp\mysql\data\ibtmp1' size is now 12 MB.
2021-07-02 11:11:30 0 [Note] InnoDB: Waiting for purge to start
2021-07-02 11:11:30 0 [Note] InnoDB: 10.4.19 started; log sequence number 328883; transaction id 263
2021-07-02 11:11:31 0 [Note] InnoDB: Loading buffer pool(s) from C:\xampp\mysql\data\ib_buffer_pool
2021-07-02 11:11:31 0 [Note] Plugin 'FEEDBACK' is disabled.
2021-07-02 11:11:31 0 [Note] InnoDB: Buffer pool(s) load completed at 210702 11:11:31
2021-07-02 11:11:31 0 [Note] Server socket created on IP: '::'.
2021-07-15 17:37:12 0 [Note] InnoDB: Mutexes and rw_locks use Windows interlocked functions
2021-07-15 17:37:12 0 [Note] InnoDB: Uses event mutexes
2021-07-15 17:37:12 0 [Note] InnoDB: Compressed tables use zlib 1.2.11
2021-07-15 17:37:13 0 [Note] InnoDB: Number of pools: 1
2021-07-15 17:37:13 0 [Note] InnoDB: Using SSE2 crc32 instructions
2021-07-15 17:37:13 0 [Note] InnoDB: Initializing buffer pool, total size = 16M, instances = 1, chunk size = 16M
2021-07-15 17:37:13 0 [Note] InnoDB: Completed initialization of buffer pool
2021-07-15 17:37:13 0 [Note] InnoDB: Starting crash recovery from checkpoint LSN=394124
2021-07-15 17:37:16 0 [Note] InnoDB: 128 out of 128 rollback segments are active.
2021-07-15 17:37:16 0 [Note] InnoDB: Removed temporary tablespace data file: "ibtmp1"
2021-07-15 17:37:16 0 [Note] InnoDB: Creating shared tablespace for temporary tables
2021-07-15 17:37:16 0 [Note] InnoDB: Setting file 'C:\xampp\mysql\data\ibtmp1' size to 12 MB. Physically writing the file full; Please wait ...
2021-07-15 17:37:16 0 [Note] InnoDB: File 'C:\xampp\mysql\data\ibtmp1' size is now 12 MB.
2021-07-15 17:37:16 0 [Note] InnoDB: Waiting for purge to start
2021-07-15 17:37:16 0 [Note] InnoDB: Waiting for purge to start
2021-07-15 17:37:16 0 [Note] InnoDB: 10.4.19 started; log sequence number 394133; transaction id 386
2021-07-15 17:37:16 0 [Note] InnoDB: Loading buffer pool(s) from C:\xampp\mysql\data\ib_buffer_pool
2021-07-15 17:37:16 0 [Note] Plugin 'FEEDBACK' is disabled.
2021-07-15 17:37:16 0 [Note] InnoDB: Buffer pool(s) load completed at 210715 17:37:16
2021-07-15 17:37:16 0 [Note] Server socket created on IP: '::'.
2021-07-24 18:06:48 0 [Note] InnoDB: Mutexes and rw_locks use Windows interlocked functions
2021-07-24 18:06:48 0 [Note] InnoDB: Uses event mutexes
2021-07-24 18:06:48 0 [Note] InnoDB: Compressed tables use zlib 1.2.11
2021-07-24 18:06:48 0 [Note] InnoDB: Number of pools: 1
2021-07-24 18:06:48 0 [Note] InnoDB: Using SSE2 crc32 instructions
2021-07-24 18:06:48 0 [Note] InnoDB: Initializing buffer pool, total size = 16M, instances = 1, chunk size = 16M
2021-07-24 18:06:48 0 [Note] InnoDB: Completed initialization of buffer pool
2021-07-24 18:06:48 0 [Note] InnoDB: Starting crash recovery from checkpoint LSN=394142
2021-07-24 18:06:50 0 [Note] InnoDB: 128 out of 128 rollback segments are active.
2021-07-24 18:06:50 0 [Note] InnoDB: Removed temporary tablespace data file: "ibtmp1"
2021-07-24 18:06:50 0 [Note] InnoDB: Creating shared tablespace for temporary tables
2021-07-24 18:06:50 0 [Note] InnoDB: Setting file 'C:\xampp\mysql\data\ibtmp1' size to 12 MB. Physically writing the file full; Please wait ...
2021-07-24 18:06:50 0 [Note] InnoDB: File 'C:\xampp\mysql\data\ibtmp1' size is now 12 MB.
2021-07-24 18:06:50 0 [Note] InnoDB: Waiting for purge to start
2021-07-24 18:06:50 0 [Note] InnoDB: 10.4.19 started; log sequence number 394151; transaction id 386
2021-07-24 18:06:50 0 [Note] InnoDB: Loading buffer pool(s) from C:\xampp\mysql\data\ib_buffer_pool
2021-07-24 18:06:50 0 [Note] Plugin 'FEEDBACK' is disabled.
2021-07-24 18:06:50 0 [Note] InnoDB: Buffer pool(s) load completed at 210724 18:06:50
2021-07-24 18:06:50 0 [Note] Server socket created on IP: '::'.
2021-07-24 18:17:05 0 [Note] InnoDB: Mutexes and rw_locks use Windows interlocked functions
2021-07-24 18:17:05 0 [Note] InnoDB: Uses event mutexes
2021-07-24 18:17:05 0 [Note] InnoDB: Compressed tables use zlib 1.2.11
2021-07-24 18:17:05 0 [Note] InnoDB: Number of pools: 1
2021-07-24 18:17:05 0 [Note] InnoDB: Using SSE2 crc32 instructions
2021-07-24 18:17:05 0 [Note] InnoDB: Initializing buffer pool, total size = 16M, instances = 1, chunk size = 16M
2021-07-24 18:17:05 0 [Note] InnoDB: Completed initialization of buffer pool
2021-07-24 18:17:06 0 [Note] InnoDB: Starting crash recovery from checkpoint LSN=394160
2021-07-24 18:17:08 0 [Note] InnoDB: 128 out of 128 rollback segments are active.
2021-07-24 18:17:08 0 [Note] InnoDB: Removed temporary tablespace data file: "ibtmp1"
2021-07-24 18:17:08 0 [Note] InnoDB: Creating shared tablespace for temporary tables
2021-07-24 18:17:08 0 [Note] InnoDB: Setting file 'C:\xampp\mysql\data\ibtmp1' size to 12 MB. Physically writing the file full; Please wait ...
2021-07-24 18:17:08 0 [Note] InnoDB: File 'C:\xampp\mysql\data\ibtmp1' size is now 12 MB.
2021-07-24 18:17:08 0 [Note] InnoDB: Waiting for purge to start
2021-07-24 18:17:08 0 [Note] InnoDB: 10.4.19 started; log sequence number 394169; transaction id 386
2021-07-24 18:17:08 0 [Note] InnoDB: Loading buffer pool(s) from C:\xampp\mysql\data\ib_buffer_pool
2021-07-24 18:17:08 0 [Note] Plugin 'FEEDBACK' is disabled.
2021-07-24 18:17:08 0 [Note] Server socket created on IP: '::'.
2021-07-24 18:31:10 0 [Note] InnoDB: Mutexes and rw_locks use Windows interlocked functions
2021-07-24 18:31:10 0 [Note] InnoDB: Uses event mutexes
2021-07-24 18:31:10 0 [Note] InnoDB: Compressed tables use zlib 1.2.11
2021-07-24 18:31:10 0 [Note] InnoDB: Number of pools: 1
2021-07-24 18:31:10 0 [Note] InnoDB: Using SSE2 crc32 instructions
2021-07-24 18:31:10 0 [Note] InnoDB: Initializing buffer pool, total size = 16M, instances = 1, chunk size = 16M
2021-07-24 18:31:10 0 [Note] InnoDB: Completed initialization of buffer pool
2021-07-24 18:31:10 0 [Note] InnoDB: Starting crash recovery from checkpoint LSN=394178
2021-07-24 18:31:11 0 [Note] InnoDB: 128 out of 128 rollback segments are active.
2021-07-24 18:31:11 0 [Note] InnoDB: Removed temporary tablespace data file: "ibtmp1"
2021-07-24 18:31:11 0 [Note] InnoDB: Creating shared tablespace for temporary tables
2021-07-24 18:31:11 0 [Note] InnoDB: Setting file 'C:\xampp\mysql\data\ibtmp1' size to 12 MB. Physically writing the file full; Please wait ...
2021-07-24 18:31:11 0 [Note] InnoDB: File 'C:\xampp\mysql\data\ibtmp1' size is now 12 MB.
2021-07-24 18:31:11 0 [Note] InnoDB: Waiting for purge to start
2021-07-24 18:31:11 0 [Note] InnoDB: 10.4.19 started; log sequence number 394187; transaction id 386
2021-07-24 18:31:11 0 [Note] InnoDB: Loading buffer pool(s) from C:\xampp\mysql\data\ib_buffer_pool
2021-07-24 18:31:11 0 [Note] Plugin 'FEEDBACK' is disabled.
2021-07-24 18:31:11 0 [Note] Server socket created on IP: '::'.
